<?xml version="1.0" encoding="UTF-8"?>
<!-- Generated by org.testng.reporters.JUnitReportReporter -->
<testsuite hostname="Rifa-AgileIt" failures="0" tests="1" name="org.upplft.Signup" time="15.919" errors="0" timestamp="2024-04-05T17:32:23 IST" skipped="0">
  <testcase classname="org.upplft.Signup" name="signUp" time="15.919"/>
  <system-out/>
</testsuite> <!-- org.upplft.Signup -->
