<?xml version="1.0" encoding="UTF-8"?>
<!-- Generated by org.testng.reporters.JUnitReportReporter -->
<testsuite hostname="Rifa-AgileIt" failures="0" tests="1" name="org.upplft.HomePageButtons" time="9.582" errors="0" timestamp="2024-04-05T17:32:23 IST" skipped="0">
  <testcase classname="org.upplft.HomePageButtons" name="homPage" time="9.582"/>
  <system-out/>
</testsuite> <!-- org.upplft.HomePageButtons -->
