<?xml version="1.0" encoding="UTF-8"?>
<!-- Generated by org.testng.reporters.JUnitReportReporter -->
<testsuite hostname="Rifa-AgileIt" failures="0" tests="3" name="org.bus.HomeButtons" time="5.051" errors="0" timestamp="2024-04-18T15:13:56 IST" skipped="0">
  <testcase classname="org.bus.HomeButtons" name="pipBtn" time="4.417"/>
  <system-out/>
  <testcase classname="org.bus.HomeButtons" name="roleBtn" time="0.217"/>
  <system-out/>
  <testcase classname="org.bus.HomeButtons" name="calBut" time="0.417"/>
  <system-out/>
</testsuite> <!-- org.bus.HomeButtons -->
