<?xml version="1.0" encoding="UTF-8"?>
<!-- Generated by org.testng.reporters.JUnitReportReporter -->
<testsuite hostname="Rifa-AgileIt" failures="0" tests="1" name="org.bus.Login" time="24.731" errors="0" timestamp="2024-04-18T15:09:46 IST" skipped="0">
  <testcase classname="org.bus.Login" name="loginBus" time="24.731"/>
  <system-out/>
</testsuite> <!-- org.bus.Login -->
