<?xml version="1.0" encoding="UTF-8"?>
<!-- Generated by org.testng.reporters.JUnitReportReporter -->
<testsuite hostname="Rifa-AgileIt" failures="0" tests="1" name="org.bus.Login" time="28.796" errors="0" timestamp="2024-04-15T13:02:21 IST" skipped="0">
  <testcase classname="org.bus.Login" name="loginBus" time="28.796"/>
  <system-out/>
</testsuite> <!-- org.bus.Login -->
