<?xml version="1.0" encoding="UTF-8"?>
<!-- Generated by org.testng.reporters.JUnitReportReporter -->
<testsuite hostname="Rifa-AgileIt" failures="0" tests="1" name="org.upplft.Invalidlogin" time="10.292" errors="0" timestamp="2024-04-05T17:32:23 IST" skipped="0">
  <testcase classname="org.upplft.Invalidlogin" name="inValLog" time="10.292"/>
  <system-out/>
</testsuite> <!-- org.upplft.Invalidlogin -->
