<?xml version="1.0" encoding="UTF-8"?>
<!-- Generated by org.testng.reporters.JUnitReportReporter -->
<testsuite hostname="Rifa-AgileIt" failures="0" tests="1" name="org.bus.PostaRole" time="54.977" errors="0" timestamp="2024-04-16T16:05:46 IST" skipped="0">
  <testcase classname="org.bus.PostaRole" name="postRole" time="54.977"/>
  <system-out/>
</testsuite> <!-- org.bus.PostaRole -->
