<?xml version="1.0" encoding="UTF-8"?>
<!-- Generated by org.testng.reporters.JUnitReportReporter -->
<testsuite hostname="Rifa-AgileIt" failures="0" tests="1" name="org.viewprof.TechSkills" time="51.466" errors="0" timestamp="2024-04-16T14:52:25 IST" skipped="0">
  <testcase classname="org.viewprof.TechSkills" name="techSkl" time="51.466"/>
  <system-out/>
</testsuite> <!-- org.viewprof.TechSkills -->
