<?xml version="1.0" encoding="UTF-8"?>
<!-- Generated by org.testng.reporters.JUnitReportReporter -->
<testsuite hostname="Rifa-AgileIt" failures="0" tests="1" name="org.viewprof.ResidencyStatus" time="59.175" errors="0" timestamp="2024-04-16T14:52:25 IST" skipped="0">
  <testcase classname="org.viewprof.ResidencyStatus" name="resStats" time="59.175"/>
  <system-out/>
</testsuite> <!-- org.viewprof.ResidencyStatus -->
