<?xml version="1.0" encoding="UTF-8"?>
<!-- Generated by org.testng.reporters.JUnitReportReporter -->
<testsuite hostname="Rifa-AgileIt" failures="0" tests="1" name="org.bus.CreatePost" time="52.180" errors="0" timestamp="2024-04-16T14:17:12 IST" skipped="0">
  <testcase classname="org.bus.CreatePost" name="crtPost" time="52.180"/>
  <system-out/>
</testsuite> <!-- org.bus.CreatePost -->
