<?xml version="1.0" encoding="UTF-8"?>
<!-- Generated by org.testng.reporters.JUnitReportReporter -->
<testsuite hostname="Rifa-AgileIt" failures="0" tests="1" name="org.upplft.CalenderPage" time="33.279" errors="0" timestamp="2024-04-05T17:32:23 IST" skipped="0">
  <testcase classname="org.upplft.CalenderPage" name="calPage" time="33.279"/>
  <system-out/>
</testsuite> <!-- org.upplft.CalenderPage -->
