<?xml version="1.0" encoding="UTF-8"?>
<!-- Generated by org.testng.reporters.JUnitReportReporter -->
<testsuite hostname="Rifa-AgileIt" failures="0" tests="1" name="org.viewprof.Availability" time="51.799" errors="0" timestamp="2024-04-18T11:41:20 IST" skipped="0">
  <testcase classname="org.viewprof.Availability" name="availOpt" time="51.799"/>
  <system-out/>
</testsuite> <!-- org.viewprof.Availability -->
